[00:19:01] ============================================================
[00:19:01] Audentes Verification Automation Tool - Run Started
[00:19:01] ============================================================
[00:19:01] eCW file loaded: eCW_20251113_001901.csv
[00:19:01] Template file loaded: Template_20251113_001901.xlsm
[00:19:01] Escalation tracker loaded: Escalation_20251113_001901.csv
[00:19:05] Macro cleanup complete: Audentes_Verification_Cleaned_20251113_001901.xlsx
[00:19:07] Using escalation tracker: C:\Users\ananya.tripathi\Downloads\EV audentes automation\dist\inputs\Escalation_20251113_001901.csv
[00:19:08] Post-macro filtration complete: PostMacro_Filtered_20251113_001901.xlsx (799 rows)
[00:19:10] Data processed successfully. 781 records remaining.
[00:19:10] HX output saved: HX_Final_20251113_001910.csv
[00:19:10] Setting up Chrome browser...
[00:19:18] Navigating to HealthX: https://hxev.jindalx.com/
[00:19:52] Navigating to Import screen...
[00:20:06] Selecting campaign: Audentes- Audentes Verification
[00:20:10] Selected option: Audentes - Audentes Verification
[00:20:12] Uploading file to portal...
[00:22:15] ERROR: Upload failed: HTTPConnectionPool(host='localhost', port=53207): Read timed out. (read timeout=120)
[00:22:15] Traceback (most recent call last):
  File "urllib3\connectionpool.py", line 534, in _make_request
  File "urllib3\connection.py", line 565, in getresponse
  File "http\client.py", line 1430, in getresponse
  File "http\client.py", line 331, in begin
  File "http\client.py", line 292, in _read_status
  File "socket.py", line 719, in readinto
TimeoutError: timed out

The above exception was the direct cause of the following exception:

Traceback (most recent call last):
  File "upload_hx.py", line 127, in hx_upload
  File "selenium\webdriver\remote\webelement.py", line 119, in click
  File "selenium\webdriver\remote\webelement.py", line 572, in _execute
  File "selenium\webdriver\remote\webdriver.py", line 455, in execute
  File "selenium\webdriver\remote\remote_connection.py", line 405, in execute
  File "selenium\webdriver\remote\remote_connection.py", line 429, in _request
  File "urllib3\_request_methods.py", line 143, in request
  File "urllib3\_request_methods.py", line 278, in request_encode_body
  File "urllib3\poolmanager.py", line 459, in urlopen
  File "urllib3\connectionpool.py", line 841, in urlopen
  File "urllib3\util\retry.py", line 474, in increment
  File "urllib3\util\util.py", line 39, in reraise
  File "urllib3\connectionpool.py", line 787, in urlopen
  File "urllib3\connectionpool.py", line 536, in _make_request
  File "urllib3\connectionpool.py", line 367, in _raise_timeout
urllib3.exceptions.ReadTimeoutError: HTTPConnectionPool(host='localhost', port=53207): Read timed out. (read timeout=120)

[00:22:26] Upload failed: Upload failed: HTTPConnectionPool(host='localhost', port=53207): Read timed out. (read timeout=120)
